-------------------------------------------------------------------------------
Test set: com.companyname.projectname.testrunners.TestRunner
-------------------------------------------------------------------------------
Tests run: 1, Failures: 0, Errors: 1, Skipped: 0, Time elapsed: 0.922 sec <<< FAILURE!
com.companyname.projectname.testrunners.TestRunner  Time elapsed: 0.921 sec  <<< ERROR!
java.lang.NoSuchMethodError: 'org.junit.runner.Description org.junit.runner.Description.createSuiteDescription(java.lang.String, java.io.Serializable, java.lang.annotation.Annotation[])'
	at io.cucumber.junit.FeatureRunner.getDescription(FeatureRunner.java:115)
	at io.cucumber.junit.Cucumber.describeChild(Cucumber.java:194)
	at io.cucumber.junit.Cucumber.describeChild(Cucumber.java:90)
	at org.junit.runners.ParentRunner.getDescription(ParentRunner.java:290)
	at org.junit.runners.ParentRunner.run(ParentRunner.java:296)
	at org.apache.maven.surefire.junit4.JUnit4Provider.execute(JUnit4Provider.java:252)
	at org.apache.maven.surefire.junit4.JUnit4Provider.executeTestSet(JUnit4Provider.java:141)
	at org.apache.maven.surefire.junit4.JUnit4Provider.invoke(JUnit4Provider.java:112)
	at java.base/jdk.internal.reflect.NativeMethodAccessorImpl.invoke0(Native Method)
	at java.base/jdk.internal.reflect.NativeMethodAccessorImpl.invoke(NativeMethodAccessorImpl.java:62)
	at java.base/jdk.internal.reflect.DelegatingMethodAccessorImpl.invoke(DelegatingMethodAccessorImpl.java:43)
	at java.base/java.lang.reflect.Method.invoke(Method.java:564)
	at org.apache.maven.surefire.util.ReflectionUtils.invokeMethodWithArray(ReflectionUtils.java:189)
	at org.apache.maven.surefire.booter.ProviderFactory$ProviderProxy.invoke(ProviderFactory.java:165)
	at org.apache.maven.surefire.booter.ProviderFactory.invokeProvider(ProviderFactory.java:85)
	at org.apache.maven.surefire.booter.ForkedBooter.runSuitesInProcess(ForkedBooter.java:115)
	at org.apache.maven.surefire.booter.ForkedBooter.main(ForkedBooter.java:75)

